[18:50:15] [Server thread/INFO]: Loading properties
[18:50:15] [Server thread/INFO]: Default game type: CREATIVE
[18:50:15] [Server thread/INFO]: Generating keypair
[18:50:15] [Server thread/INFO]: Starting Minecraft server on *:25565
[18:50:15] [Server thread/INFO]: Using default channel type
[18:50:16] [Server thread/INFO]: This server is running CraftBukkit version git-Bukkit-ed8c725 (MC: 1.12) (Implementing API version 1.12-R0.1-SNAPSHOT)
[18:50:16] [Server thread/INFO]: [RaspberryJuice] Loading RaspberryJuice v1.10
[18:50:16] [Server thread/WARN]: **** SERVER IS RUNNING IN OFFLINE/INSECURE MODE!
[18:50:16] [Server thread/WARN]: The server will make no attempt to authenticate usernames. Beware.
[18:50:16] [Server thread/WARN]: While this makes the game possible to play without internet access, it also opens up the ability for hackers to connect with any username they choose.
[18:50:16] [Server thread/WARN]: To change this, set "online-mode" to "true" in the server.properties file.
[18:50:16] [Server thread/INFO]: Preparing level "world"
[18:50:18] [Server thread/INFO]: Preparing start region for level 0 (Seed: -75619791794583886)
[18:50:19] [Server thread/INFO]: Preparing spawn area: 8%
[18:50:20] [Server thread/INFO]: Preparing spawn area: 17%
[18:50:21] [Server thread/INFO]: Preparing spawn area: 27%
[18:50:22] [Server thread/INFO]: Preparing spawn area: 39%
[18:50:23] [Server thread/INFO]: Preparing spawn area: 51%
[18:50:24] [Server thread/INFO]: Preparing spawn area: 64%
[18:50:25] [Server thread/INFO]: Preparing spawn area: 74%
[18:50:26] [Server thread/INFO]: Preparing spawn area: 86%
[18:50:27] [Server thread/INFO]: Preparing start region for level 1 (Seed: -75619791794583886)
[18:50:28] [Server thread/INFO]: Preparing spawn area: 17%
[18:50:29] [Server thread/INFO]: Preparing spawn area: 39%
[18:50:30] [Server thread/INFO]: Preparing spawn area: 61%
[18:50:31] [Server thread/INFO]: Preparing spawn area: 81%
[18:50:32] [Server thread/INFO]: Preparing start region for level 2 (Seed: -75619791794583886)
[18:50:33] [Server thread/INFO]: Preparing spawn area: 55%
[18:50:34] [Server thread/INFO]: [RaspberryJuice] Enabling RaspberryJuice v1.10
[18:50:34] [Server thread/INFO]: [RaspberryJuice] Using port 4711
[18:50:34] [Server thread/INFO]: [RaspberryJuice] Using ABSOLUTE locations
[18:50:34] [Server thread/INFO]: [RaspberryJuice] Using BOTH clicks for hits
[18:50:34] [Server thread/INFO]: [RaspberryJuice] ThreadListener Started
[18:50:34] [Server thread/INFO]: Server permissions file permissions.yml is empty, ignoring it
[18:50:34] [Server thread/INFO]: Done (17,270s)! For help, type "help" or "?"
[18:55:42] [Server thread/INFO]: SandreOfisial[/127.0.0.1:54988] logged in with entity id 1826 at ([world]209.5, 74.0, 250.5)
[19:00:39] [Server thread/WARN]: Can't keep up! Did the system time change, or is the server overloaded? Running 5044ms behind, skipping 100 tick(s)
[19:03:54] [Server thread/INFO]: SandreOfisial lost connection: Disconnected
[19:03:54] [Server thread/INFO]: SandreOfisial left the game
